<?xml version="1.0" encoding="UTF-8"?>
<!-- Generated by org.testng.reporters.JUnitReportReporter -->
<testsuite hostname="Prashant" failures="0" tests="1" name="testCases.TC001_AccountRegistrationTest" time="1.913" errors="0" timestamp="2024-09-24T19:40:53 IST" skipped="0">
  <testcase classname="testCases.TC001_AccountRegistrationTest" name="verify_Account_Registration" time="1.913"/>
  <system-out/>
</testsuite> <!-- testCases.TC001_AccountRegistrationTest -->
