<?xml version="1.0" encoding="UTF-8"?>
<!-- Generated by org.testng.reporters.JUnitReportReporter -->
<testsuite hostname="Prashant" failures="0" tests="1" name="testCases.TC003_EditAccountTest" time="8.273" errors="0" timestamp="2024-09-24T19:43:12 IST" skipped="0">
  <testcase classname="testCases.TC003_EditAccountTest" name="verify_EditAccount" time="8.273"/>
  <system-out/>
</testsuite> <!-- testCases.TC003_EditAccountTest -->
