<?xml version="1.0" encoding="UTF-8"?>
<!-- Generated by org.testng.reporters.JUnitReportReporter -->
<testsuite hostname="Prashant" failures="0" tests="1" name="testCases.TC003_EditAccountTest" time="10.711" errors="0" timestamp="2024-09-21T15:30:43 IST" skipped="0">
  <testcase classname="testCases.TC003_EditAccountTest" name="verify_EditAccount" time="10.711"/>
  <system-out/>
</testsuite> <!-- testCases.TC003_EditAccountTest -->
