<?xml version="1.0" encoding="UTF-8"?>
<!-- Generated by org.testng.reporters.JUnitReportReporter -->
<testsuite hostname="Prashant" failures="0" tests="1" name="testCases.TC001_AccountRegistrationTest" time="2.338" errors="0" timestamp="2024-09-20T10:32:30 IST" skipped="0">
  <testcase classname="testCases.TC001_AccountRegistrationTest" name="verify_Account_Registration" time="2.338"/>
</testsuite> <!-- testCases.TC001_AccountRegistrationTest -->
